# JRE version: OpenJDK Runtime Environment (11.0.1+13) (build 11.0.1+13)
# Java VM: OpenJDK 64-Bit Server VM (11.0.1+13, mixed mode, tiered, compressed oops, g1 gc, windows-amd64)
Heap:
 garbage-first heap   total 175104K, used 62700K [0x00000000e0000000, 0x0000000100000000)
  region size 1024K, 6 young (6144K), 4 survivors (4096K)
 Metaspace       used 67209K, capacity 68422K, committed 68812K, reserved 315392K
  class space    used 8214K, capacity 8618K, committed 8704K, reserved 253952K
GC Heap History (10 events):
Event: 3313.421 GC heap before
{Heap before GC invocations=62 (full 0):
 garbage-first heap   total 159744K, used 157695K [0x00000000e0000000, 0x0000000100000000)
  region size 1024K, 8 young (8192K), 4 survivors (4096K)
 Metaspace       used 66287K, capacity 67426K, committed 68044K, reserved 313344K
  class space    used 8181K, capacity 8562K, committed 8704K, reserved 253952K
}
Event: 3313.432 GC heap after
{Heap after GC invocations=63 (full 0):
 garbage-first heap   total 162816K, used 49440K [0x00000000e0000000, 0x0000000100000000)
  region size 1024K, 3 young (3072K), 3 survivors (3072K)
 Metaspace       used 66287K, capacity 67426K, committed 68044K, reserved 313344K
  class space    used 8181K, capacity 8562K, committed 8704K, reserved 253952K
}
Event: 3385.290 GC heap before
{Heap before GC invocations=63 (full 0):
 garbage-first heap   total 162816K, used 53536K [0x00000000e0000000, 0x0000000100000000)
  region size 1024K, 7 young (7168K), 3 survivors (3072K)
 Metaspace       used 66312K, capacity 67453K, committed 68044K, reserved 313344K
  class space    used 8184K, capacity 8569K, committed 8704K, reserved 253952K
}
Event: 3385.317 GC heap after
{Heap after GC invocations=64 (full 0):
 garbage-first heap   total 162816K, used 45426K [0x00000000e0000000, 0x0000000100000000)
  region size 1024K, 1 young (1024K), 1 survivors (1024K)
 Metaspace       used 66312K, capacity 67453K, committed 68044K, reserved 313344K
  class space    used 8184K, capacity 8569K, committed 8704K, reserved 253952K
}
Event: 3804.886 GC heap before
{Heap before GC invocations=64 (full 0):
 garbage-first heap   total 162816K, used 118130K [0x00000000e0000000, 0x0000000100000000)
  region size 1024K, 74 young (75776K), 1 survivors (1024K)
 Metaspace       used 66752K, capacity 67960K, committed 68300K, reserved 315392K
  class space    used 8202K, capacity 8599K, committed 8704K, reserved 253952K
}
Event: 3804.919 GC heap after
{Heap after GC invocations=65 (full 0):
 garbage-first heap   total 162816K, used 50276K [0x00000000e0000000, 0x0000000100000000)
  region size 1024K, 6 young (6144K), 6 survivors (6144K)
 Metaspace       used 66752K, capacity 67960K, committed 68300K, reserved 315392K
  class space    used 8202K, capacity 8599K, committed 8704K, reserved 253952K
}
Event: 3805.673 GC heap before
{Heap before GC invocations=66 (full 0):
 garbage-first heap   total 169984K, used 168036K [0x00000000e0000000, 0x0000000100000000)
  region size 1024K, 13 young (13312K), 6 survivors (6144K)
 Metaspace       used 66684K, capacity 67843K, committed 68300K, reserved 315392K
  class space    used 8187K, capacity 8572K, committed 8704K, reserved 253952K
}
Event: 3805.682 GC heap after
{Heap after GC invocations=67 (full 0):
 garbage-first heap   total 175104K, used 49793K [0x00000000e0000000, 0x0000000100000000)
  region size 1024K, 5 young (5120K), 5 survivors (5120K)
 Metaspace       used 66684K, capacity 67843K, committed 68300K, reserved 315392K
  class space    used 8187K, capacity 8572K, committed 8704K, reserved 253952K
}
Event: 3807.788 GC heap before
{Heap before GC invocations=67 (full 0):
 garbage-first heap   total 175104K, used 61057K [0x00000000e0000000, 0x0000000100000000)
  region size 1024K, 8 young (8192K), 5 survivors (5120K)
 Metaspace       used 66684K, capacity 67843K, committed 68300K, reserved 315392K
  class space    used 8187K, capacity 8572K, committed 8704K, reserved 253952K
}
Event: 3807.817 GC heap after
{Heap after GC invocations=68 (full 0):
 garbage-first heap   total 175104K, used 48887K [0x00000000e0000000, 0x0000000100000000)
  region size 1024K, 1 young (1024K), 1 survivors (1024K)
 Metaspace       used 66684K, capacity 67843K, committed 68300K, reserved 315392K
  class space    used 8187K, capacity 8572K, committed 8704K, reserved 253952K
}

