# JRE version: OpenJDK Runtime Environment (11.0.1+13) (build 11.0.1+13)
# Java VM: OpenJDK 64-Bit Server VM (11.0.1+13, mixed mode, tiered, compressed oops, g1 gc, windows-amd64)
Heap:
 garbage-first heap   total 63488K, used 47020K [0x00000000c0000000, 0x0000000100000000)
  region size 1024K, 7 young (7168K), 2 survivors (2048K)
 Metaspace       used 53260K, capacity 55700K, committed 55728K, reserved 1099776K
  class space    used 5244K, capacity 6144K, committed 6144K, reserved 1048576K
GC Heap History (10 events):
Event: 114.254 GC heap before
{Heap before GC invocations=26 (full 0):
 garbage-first heap   total 63488K, used 42358K [0x00000000c0000000, 0x0000000100000000)
  region size 1024K, 3 young (3072K), 2 survivors (2048K)
 Metaspace       used 49766K, capacity 52126K, committed 52400K, reserved 1095680K
  class space    used 4953K, capacity 5830K, committed 5888K, reserved 1048576K
}
Event: 114.264 GC heap after
{Heap after GC invocations=27 (full 0):
 garbage-first heap   total 63488K, used 41054K [0x00000000c0000000, 0x0000000100000000)
  region size 1024K, 1 young (1024K), 1 survivors (1024K)
 Metaspace       used 49766K, capacity 52126K, committed 52400K, reserved 1095680K
  class space    used 4953K, capacity 5830K, committed 5888K, reserved 1048576K
}
Event: 115.536 GC heap before
{Heap before GC invocations=27 (full 0):
 garbage-first heap   total 63488K, used 49246K [0x00000000c0000000, 0x0000000100000000)
  region size 1024K, 10 young (10240K), 1 survivors (1024K)
 Metaspace       used 50819K, capacity 53248K, committed 53296K, reserved 1097728K
  class space    used 5095K, capacity 6011K, committed 6016K, reserved 1048576K
}
Event: 115.551 GC heap after
{Heap after GC invocations=28 (full 0):
 garbage-first heap   total 63488K, used 41734K [0x00000000c0000000, 0x0000000100000000)
  region size 1024K, 1 young (1024K), 1 survivors (1024K)
 Metaspace       used 50819K, capacity 53248K, committed 53296K, reserved 1097728K
  class space    used 5095K, capacity 6011K, committed 6016K, reserved 1048576K
}
Event: 117.835 GC heap before
{Heap before GC invocations=29 (full 0):
 garbage-first heap   total 63488K, used 50950K [0x00000000c0000000, 0x0000000100000000)
  region size 1024K, 11 young (11264K), 1 survivors (1024K)
 Metaspace       used 51586K, capacity 54050K, committed 54192K, reserved 1097728K
  class space    used 5133K, capacity 6043K, committed 6144K, reserved 1048576K
}
Event: 117.840 GC heap after
{Heap after GC invocations=30 (full 0):
 garbage-first heap   total 63488K, used 42058K [0x00000000c0000000, 0x0000000100000000)
  region size 1024K, 2 young (2048K), 2 survivors (2048K)
 Metaspace       used 51586K, capacity 54050K, committed 54192K, reserved 1097728K
  class space    used 5133K, capacity 6043K, committed 6144K, reserved 1048576K
}
Event: 117.849 GC heap before
{Heap before GC invocations=30 (full 0):
 garbage-first heap   total 63488K, used 42058K [0x00000000c0000000, 0x0000000100000000)
  region size 1024K, 3 young (3072K), 2 survivors (2048K)
 Metaspace       used 51591K, capacity 54050K, committed 54192K, reserved 1097728K
  class space    used 5133K, capacity 6043K, committed 6144K, reserved 1048576K
}
Event: 117.855 GC heap after
{Heap after GC invocations=31 (full 0):
 garbage-first heap   total 63488K, used 41297K [0x00000000c0000000, 0x0000000100000000)
  region size 1024K, 1 young (1024K), 1 survivors (1024K)
 Metaspace       used 51591K, capacity 54050K, committed 54192K, reserved 1097728K
  class space    used 5133K, capacity 6043K, committed 6144K, reserved 1048576K
}
Event: 119.977 GC heap before
{Heap before GC invocations=31 (full 0):
 garbage-first heap   total 63488K, used 49489K [0x00000000c0000000, 0x0000000100000000)
  region size 1024K, 10 young (10240K), 1 survivors (1024K)
 Metaspace       used 53122K, capacity 55571K, committed 55728K, reserved 1099776K
  class space    used 5244K, capacity 6144K, committed 6144K, reserved 1048576K
}
Event: 119.986 GC heap after
{Heap after GC invocations=32 (full 0):
 garbage-first heap   total 63488K, used 42924K [0x00000000c0000000, 0x0000000100000000)
  region size 1024K, 2 young (2048K), 2 survivors (2048K)
 Metaspace       used 53122K, capacity 55571K, committed 55728K, reserved 1099776K
  class space    used 5244K, capacity 6144K, committed 6144K, reserved 1048576K
}

