# JRE version: OpenJDK Runtime Environment (11.0.1+13) (build 11.0.1+13)
# Java VM: OpenJDK 64-Bit Server VM (11.0.1+13, mixed mode, tiered, compressed oops, g1 gc, windows-amd64)
Heap:
 garbage-first heap   total 76800K, used 35922K [0x00000000c0000000, 0x0000000100000000)
  region size 1024K, 3 young (3072K), 3 survivors (3072K)
 Metaspace       used 42916K, capacity 45203K, committed 45264K, reserved 1089536K
  class space    used 4414K, capacity 5245K, committed 5248K, reserved 1048576K
GC Heap History (10 events):
Event: 20.016 GC heap before
{Heap before GC invocations=11 (full 0):
 garbage-first heap   total 63488K, used 40445K [0x00000000c0000000, 0x0000000100000000)
  region size 1024K, 25 young (25600K), 4 survivors (4096K)
 Metaspace       used 38431K, capacity 40438K, committed 40656K, reserved 1085440K
  class space    used 3913K, capacity 4633K, committed 4736K, reserved 1048576K
}
Event: 20.025 GC heap after
{Heap after GC invocations=12 (full 0):
 garbage-first heap   total 63488K, used 21184K [0x00000000c0000000, 0x0000000100000000)
  region size 1024K, 2 young (2048K), 2 survivors (2048K)
 Metaspace       used 38431K, capacity 40438K, committed 40656K, reserved 1085440K
  class space    used 3913K, capacity 4633K, committed 4736K, reserved 1048576K
}
Event: 20.140 GC heap before
{Heap before GC invocations=12 (full 0):
 garbage-first heap   total 63488K, used 41664K [0x00000000c0000000, 0x0000000100000000)
  region size 1024K, 23 young (23552K), 2 survivors (2048K)
 Metaspace       used 38681K, capacity 40784K, committed 40912K, reserved 1085440K
  class space    used 3935K, capacity 4711K, committed 4736K, reserved 1048576K
}
Event: 20.146 GC heap after
{Heap after GC invocations=13 (full 0):
 garbage-first heap   total 63488K, used 23250K [0x00000000c0000000, 0x0000000100000000)
  region size 1024K, 2 young (2048K), 2 survivors (2048K)
 Metaspace       used 38681K, capacity 40784K, committed 40912K, reserved 1085440K
  class space    used 3935K, capacity 4711K, committed 4736K, reserved 1048576K
}
Event: 20.921 GC heap before
{Heap before GC invocations=13 (full 0):
 garbage-first heap   total 63488K, used 43730K [0x00000000c0000000, 0x0000000100000000)
  region size 1024K, 23 young (23552K), 2 survivors (2048K)
 Metaspace       used 39664K, capacity 41856K, committed 42064K, reserved 1087488K
  class space    used 4050K, capacity 4831K, committed 4864K, reserved 1048576K
}
Event: 20.927 GC heap after
{Heap after GC invocations=14 (full 0):
 garbage-first heap   total 63488K, used 25067K [0x00000000c0000000, 0x0000000100000000)
  region size 1024K, 2 young (2048K), 2 survivors (2048K)
 Metaspace       used 39664K, capacity 41856K, committed 42064K, reserved 1087488K
  class space    used 4050K, capacity 4831K, committed 4864K, reserved 1048576K
}
Event: 21.681 GC heap before
{Heap before GC invocations=14 (full 0):
 garbage-first heap   total 63488K, used 46571K [0x00000000c0000000, 0x0000000100000000)
  region size 1024K, 22 young (22528K), 2 survivors (2048K)
 Metaspace       used 42583K, capacity 44874K, committed 45008K, reserved 1089536K
  class space    used 4379K, capacity 5178K, committed 5248K, reserved 1048576K
}
Event: 21.690 GC heap after
{Heap after GC invocations=15 (full 0):
 garbage-first heap   total 63488K, used 30299K [0x00000000c0000000, 0x0000000100000000)
  region size 1024K, 3 young (3072K), 3 survivors (3072K)
 Metaspace       used 42583K, capacity 44874K, committed 45008K, reserved 1089536K
  class space    used 4379K, capacity 5178K, committed 5248K, reserved 1048576K
}
Event: 21.735 GC heap before
{Heap before GC invocations=15 (full 0):
 garbage-first heap   total 63488K, used 47707K [0x00000000c0000000, 0x0000000100000000)
  region size 1024K, 20 young (20480K), 3 survivors (3072K)
 Metaspace       used 42663K, capacity 45002K, committed 45264K, reserved 1089536K
  class space    used 4385K, capacity 5178K, committed 5248K, reserved 1048576K
}
Event: 21.746 GC heap after
{Heap after GC invocations=16 (full 0):
 garbage-first heap   total 63488K, used 31750K [0x00000000c0000000, 0x0000000100000000)
  region size 1024K, 2 young (2048K), 2 survivors (2048K)
 Metaspace       used 42663K, capacity 45002K, committed 45264K, reserved 1089536K
  class space    used 4385K, capacity 5178K, committed 5248K, reserved 1048576K
}

