# JRE version: OpenJDK Runtime Environment (11.0.1+13) (build 11.0.1+13)
# Java VM: OpenJDK 64-Bit Server VM (11.0.1+13, mixed mode, tiered, compressed oops, g1 gc, windows-amd64)
Heap:
 garbage-first heap   total 329728K, used 94229K [0x00000000c0000000, 0x0000000100000000)
  region size 1024K, 25 young (25600K), 1 survivors (1024K)
 Metaspace       used 74417K, capacity 77303K, committed 78000K, reserved 1118208K
  class space    used 7898K, capacity 8995K, committed 9216K, reserved 1048576K
GC Heap History (10 events):
Event: 834.045 GC heap before
{Heap before GC invocations=125 (full 0):
 garbage-first heap   total 329728K, used 245760K [0x00000000c0000000, 0x0000000100000000)
  region size 1024K, 16 young (16384K), 6 survivors (6144K)
 Metaspace       used 73892K, capacity 77004K, committed 77104K, reserved 1118208K
  class space    used 7931K, capacity 9058K, committed 9088K, reserved 1048576K
}
Event: 834.094 GC heap after
{Heap after GC invocations=126 (full 0):
 garbage-first heap   total 329728K, used 234331K [0x00000000c0000000, 0x0000000100000000)
  region size 1024K, 2 young (2048K), 2 survivors (2048K)
 Metaspace       used 73892K, capacity 77004K, committed 77104K, reserved 1118208K
  class space    used 7931K, capacity 9058K, committed 9088K, reserved 1048576K
}
Event: 1009.004 GC heap before
{Heap before GC invocations=126 (full 0):
 garbage-first heap   total 329728K, used 263003K [0x00000000c0000000, 0x0000000100000000)
  region size 1024K, 31 young (31744K), 2 survivors (2048K)
 Metaspace       used 74064K, capacity 77205K, committed 77360K, reserved 1118208K
  class space    used 7934K, capacity 9059K, committed 9088K, reserved 1048576K
}
Event: 1009.015 GC heap after
{Heap after GC invocations=127 (full 0):
 garbage-first heap   total 329728K, used 233809K [0x00000000c0000000, 0x0000000100000000)
  region size 1024K, 1 young (1024K), 1 survivors (1024K)
 Metaspace       used 74064K, capacity 77205K, committed 77360K, reserved 1118208K
  class space    used 7934K, capacity 9059K, committed 9088K, reserved 1048576K
}
Event: 1031.006 GC heap before
{Heap before GC invocations=128 (full 0):
 garbage-first heap   total 329728K, used 149329K [0x00000000c0000000, 0x0000000100000000)
  region size 1024K, 34 young (34816K), 1 survivors (1024K)
 Metaspace       used 74096K, capacity 77077K, committed 78000K, reserved 1118208K
  class space    used 7891K, capacity 8991K, committed 9216K, reserved 1048576K
}
Event: 1031.016 GC heap after
{Heap after GC invocations=129 (full 0):
 garbage-first heap   total 329728K, used 115563K [0x00000000c0000000, 0x0000000100000000)
  region size 1024K, 1 young (1024K), 1 survivors (1024K)
 Metaspace       used 74096K, capacity 77077K, committed 78000K, reserved 1118208K
  class space    used 7891K, capacity 8991K, committed 9216K, reserved 1048576K
}
Event: 1031.108 GC heap before
{Heap before GC invocations=129 (full 0):
 garbage-first heap   total 329728K, used 130923K [0x00000000c0000000, 0x0000000100000000)
  region size 1024K, 16 young (16384K), 1 survivors (1024K)
 Metaspace       used 74133K, capacity 77143K, committed 78000K, reserved 1118208K
  class space    used 7891K, capacity 8991K, committed 9216K, reserved 1048576K
}
Event: 1031.116 GC heap after
{Heap after GC invocations=130 (full 0):
 garbage-first heap   total 329728K, used 84610K [0x00000000c0000000, 0x0000000100000000)
  region size 1024K, 2 young (2048K), 2 survivors (2048K)
 Metaspace       used 74133K, capacity 77143K, committed 78000K, reserved 1118208K
  class space    used 7891K, capacity 8991K, committed 9216K, reserved 1048576K
}
Event: 1031.224 GC heap before
{Heap before GC invocations=130 (full 0):
 garbage-first heap   total 329728K, used 98946K [0x00000000c0000000, 0x0000000100000000)
  region size 1024K, 16 young (16384K), 2 survivors (2048K)
 Metaspace       used 74219K, capacity 77207K, committed 78000K, reserved 1118208K
  class space    used 7891K, capacity 8991K, committed 9216K, reserved 1048576K
}
Event: 1031.231 GC heap after
{Heap after GC invocations=131 (full 0):
 garbage-first heap   total 329728K, used 71701K [0x00000000c0000000, 0x0000000100000000)
  region size 1024K, 1 young (1024K), 1 survivors (1024K)
 Metaspace       used 74219K, capacity 77207K, committed 78000K, reserved 1118208K
  class space    used 7891K, capacity 8991K, committed 9216K, reserved 1048576K
}

